A 
B #record_B #record_A 
0 B #record_B1_0 #record_B #record_A 
B #record_B1_0 #record_B #record_A 
0 B #record_B1_0 #record_B1_0 #record_B #record_A 
B #record_B1_0 #record_B1_0 #record_B #record_A 
0 B #record_B1_0 #record_B1_0 #record_B1_0 #record_B #record_A 
B #record_B1_0 #record_B1_0 #record_B1_0 #record_B #record_A 
0 B #record_B1_0 #record_B1_0 #record_B1_0 #record_B1_0 #record_B #record_A 
B #record_B1_0 #record_B1_0 #record_B1_0 #record_B1_0 #record_B #record_A 
1 B #record_B1_1 #record_B1_0 #record_B1_0 #record_B1_0 #record_B1_0 #record_B #record_A 
B #record_B1_1 #record_B1_0 #record_B1_0 #record_B1_0 #record_B1_0 #record_B #record_A 
@action_1 #record_B1_1 #record_B1_0 #record_B1_0 #record_B1_0 #record_B1_0 #record_B #record_A 
#record_B1_1 #record_B1_0 #record_B1_0 #record_B1_0 #record_B1_0 #record_B #record_A 
#record_B1_0 #record_B1_0 #record_B1_0 #record_B1_0 #record_B #record_A 
#record_B1_0 #record_B1_0 #record_B1_0 #record_B #record_A 
#record_B1_0 #record_B1_0 #record_B #record_A 
#record_B1_0 #record_B #record_A 
#record_B #record_A 
#record_A 

